<?xml version="1.0" encoding="UTF-8" standalone="no"?>
<persistence xmlns="http://java.sun.com/xml/ns/persistence" xmlns:xsi="http://www.w3.org/2001/XMLSchema-instance" version="2.0">
  <persistence-unit name="forge-default" transaction-type="JTA">
    <description>GF Persistence Unit</description>
    <provider>org.eclipse.persistence.jpa.PersistenceProvider</provider>
    <jta-data-source>jdbc/arquillian</jta-data-source>
    <exclude-unlisted-classes>false</exclude-unlisted-classes>
    <properties>
      <property name="eclipselink.ddl-generation" value="drop-and-create-tables"/>
      <property name="eclipselink.target-database" value="org.eclipse.persistence.platform.database.DerbyPlatform"/>
    </properties>
  </persistence-unit>
</persistence>
